#
# There is insufficient memory for the Java Runtime Environment to continue.
# Native memory allocation (malloc) failed to allocate 686096 bytes for Chunk::new
# Possible reasons:
#   The system is out of physical RAM or swap space
#   In 32 bit mode, the process size limit was hit
# Possible solutions:
#   Reduce memory load on the system
#   Increase physical memory or swap space
#   Check if swap backing store is full
#   Use 64 bit Java on a 64 bit OS
#   Decrease Java heap size (-Xmx/-Xms)
#   Decrease number of Java threads
#   Decrease Java thread stack sizes (-Xss)
#   Set larger code cache with -XX:ReservedCodeCacheSize=
# This output file may be truncated or incomplete.
#
#  Out of Memory Error (allocation.cpp:390), pid=9200, tid=0x0000000000000da8
#
# JRE version: OpenJDK Runtime Environment (8.0_76-b03) (build 1.8.0_76-release-b03)
# Java VM: OpenJDK 64-Bit Server VM (25.76-b03 mixed mode windows-amd64 compressed oops)
# Failed to write core dump. Minidumps are not enabled by default on client versions of Windows
#

---------------  T H R E A D  ---------------

Current thread (0x0000000016738800):  JavaThread "C2 CompilerThread0" daemon [_thread_in_native, id=3496, stack(0x0000000017c30000,0x0000000017d30000)]

Stack: [0x0000000017c30000,0x0000000017d30000]
[error occurred during error reporting (printing stack bounds), id 0xc0000005]

Native frames: (J=compiled Java code, j=interpreted, Vv=VM code, C=native code)


Current CompileTask:
C2: 192406 19869       4       java.util.concurrent.ThreadPoolExecutor::execute (132 bytes)


---------------  P R O C E S S  ---------------

Java Threads: ( => current thread )
  0x000000001efbd800 JavaThread "pool-90-thread-1" [_thread_in_Java, id=12512, stack(0x0000000041ba0000,0x0000000041ca0000)]
  0x000000001efbc000 JavaThread "pool-112-thread-4" [_thread_blocked, id=3460, stack(0x0000000041aa0000,0x0000000041ba0000)]
  0x000000001efbd000 JavaThread "pool-112-thread-3" [_thread_blocked, id=10264, stack(0x00000000419a0000,0x0000000041aa0000)]
  0x000000001efb9000 JavaThread "pool-112-thread-2" [_thread_blocked, id=908, stack(0x00000000418a0000,0x00000000419a0000)]
  0x000000001efbf000 JavaThread "pool-113-thread-1" [_thread_blocked, id=13504, stack(0x00000000417a0000,0x00000000418a0000)]
  0x000000001efba800 JavaThread "pool-112-thread-1" [_thread_blocked, id=8232, stack(0x00000000416a0000,0x00000000417a0000)]
  0x000000001e0c9800 JavaThread "pool-103-thread-4" [_thread_in_Java, id=12440, stack(0x00000000407a0000,0x00000000408a0000)]
  0x000000001e0cd000 JavaThread "pool-103-thread-3" [_thread_in_Java, id=12552, stack(0x00000000406a0000,0x00000000407a0000)]
  0x000000001e0c8000 JavaThread "pool-103-thread-2" [_thread_blocked, id=12468, stack(0x00000000405a0000,0x00000000406a0000)]
  0x000000001e0c8800 JavaThread "pool-104-thread-1" [_thread_blocked, id=7412, stack(0x00000000404a0000,0x00000000405a0000)]
  0x000000001e0c0000 JavaThread "pool-103-thread-1" [_thread_in_Java, id=6364, stack(0x00000000403a0000,0x00000000404a0000)]
  0x000000001b9b4800 JavaThread "pool-39-thread-4" [_thread_blocked, id=12676, stack(0x00000000278a0000,0x00000000279a0000)]
  0x000000001b9b4000 JavaThread "pool-39-thread-3" [_thread_blocked, id=13888, stack(0x00000000277a0000,0x00000000278a0000)]
  0x000000001b9a9800 JavaThread "pool-39-thread-2" [_thread_blocked, id=4640, stack(0x00000000276a0000,0x00000000277a0000)]
  0x000000001b9b0000 JavaThread "pool-39-thread-1" [_thread_blocked, id=13256, stack(0x00000000275a0000,0x00000000276a0000)]
  0x000000001b9ae800 JavaThread "Asynchronous log dispatcher for org.gradle.launcher.daemon.server.DefaultDaemonConnection@1ebe351c" [_thread_blocked, id=7048, stack(0x0000000026da0000,0x0000000026ea0000)]
  0x000000001b9ad000 JavaThread "Cancel handler" [_thread_blocked, id=13856, stack(0x0000000026ca0000,0x0000000026da0000)]
  0x000000001b9ac800 JavaThread "Handler for socket connection from /127.0.0.1:14900 to /127.0.0.1:1065" [_thread_in_native, id=12660, stack(0x0000000026ba0000,0x0000000026ca0000)]
  0x000000001e0c5000 JavaThread "pool-4-thread-4" [_thread_blocked, id=8140, stack(0x00000000218a0000,0x00000000219a0000)]
  0x000000001e0c4000 JavaThread "pool-4-thread-1" [_thread_in_Java, id=5116, stack(0x00000000217a0000,0x00000000218a0000)]
  0x000000001e0bf800 JavaThread "pool-4-thread-2" [_thread_blocked, id=5804, stack(0x00000000216a0000,0x00000000217a0000)]
  0x000000001e0c1000 JavaThread "pool-4-thread-3" [_thread_in_vm, id=11452, stack(0x00000000215a0000,0x00000000216a0000)]
  0x00000000192d5800 JavaThread "pool-2-thread-1" [_thread_blocked, id=7716, stack(0x000000001fdc0000,0x000000001fec0000)]
  0x000000001c5ed800 JavaThread "File lock request listener" [_thread_in_native, id=7728, stack(0x000000001ea10000,0x000000001eb10000)]
  0x0000000019357800 JavaThread "Daemon worker" [_thread_in_native, id=7384, stack(0x000000001a7a0000,0x000000001a8a0000)]
  0x0000000019342000 JavaThread "Daemon" [_thread_blocked, id=13768, stack(0x000000001a4a0000,0x000000001a5a0000)]
  0x000000001915b800 JavaThread "pool-1-thread-1" [_thread_blocked, id=9560, stack(0x000000001a3a0000,0x000000001a4a0000)]
  0x00000000191f2000 JavaThread "Incoming local TCP Connector on port 14900" [_thread_in_native, id=10992, stack(0x0000000018d30000,0x0000000018e30000)]
  0x0000000017ea5000 JavaThread "Service Thread" daemon [_thread_blocked, id=8372, stack(0x0000000018330000,0x0000000018430000)]
  0x0000000017e33000 JavaThread "C1 CompilerThread2" daemon [_thread_blocked, id=13276, stack(0x0000000018230000,0x0000000018330000)]
  0x000000001673b000 JavaThread "C2 CompilerThread1" daemon [_thread_blocked, id=3884, stack(0x0000000017d30000,0x0000000017e30000)]
=>0x0000000016738800 JavaThread "C2 CompilerThread0" daemon [_thread_in_native, id=3496, stack(0x0000000017c30000,0x0000000017d30000)]
  0x00000000166ec800 JavaThread "Attach Listener" daemon [_thread_blocked, id=12912, stack(0x0000000017b30000,0x0000000017c30000)]
  0x00000000166d6800 JavaThread "Signal Dispatcher" daemon [_thread_blocked, id=14228, stack(0x0000000017a30000,0x0000000017b30000)]
  0x0000000002d6d000 JavaThread "Finalizer" daemon [_thread_blocked, id=12100, stack(0x0000000017930000,0x0000000017a30000)]
  0x0000000002d62000 JavaThread "Reference Handler" daemon [_thread_blocked, id=628, stack(0x0000000017830000,0x0000000017930000)]
  0x0000000002c70800 JavaThread "main" [_thread_blocked, id=6416, stack(0x0000000002760000,0x0000000002860000)]

Other Threads:
  0x00000000166a4800 VMThread [stack: 0x0000000017730000,0x0000000017830000] [id=12888]
  0x0000000017ea7000 WatcherThread [stack: 0x0000000018430000,0x0000000018530000] [id=4036]

VM state:not at safepoint (normal execution)

VM Mutex/Monitor currently owned by a thread: None

Heap:
 PSYoungGen      total 388096K, used 213651K [0x00000000e0000000, 0x00000000fff80000, 0x0000000100000000)
  eden space 251904K, 63% used [0x00000000e0000000,0x00000000e9b71198,0x00000000ef600000)
  from space 136192K, 40% used [0x00000000ef600000,0x00000000f2b33d80,0x00000000f7b00000)
  to   space 133120K, 0% used [0x00000000f7d80000,0x00000000f7d80000,0x00000000fff80000)
 ParOldGen       total 669696K, used 524250K [0x00000000a0000000, 0x00000000c8e00000, 0x00000000e0000000)
  object space 669696K, 78% used [0x00000000a0000000,0x00000000bfff68d8,0x00000000c8e00000)
 Metaspace       used 74336K, capacity 76496K, committed 78592K, reserved 1118208K
  class space    used 9784K, capacity 10217K, committed 10496K, reserved 1048576K

Card table byte_map: [0x0000000012130000,0x0000000012440000] byte_map_base: 0x0000000011c30000

Marking Bits: (ParMarkBitMap*) 0x0000000063d19d00
 Begin Bits: [0x0000000012a40000, 0x0000000014240000)
 End Bits:   [0x0000000014240000, 0x0000000015a40000)

Polling page: 0x0000000000f70000

CodeCache: size=245760Kb used=52751Kb max_used=53697Kb free=193008Kb
 bounds [0x0000000002d70000, 0x0000000006280000, 0x0000000011d70000]
 total_blobs=15094 nmethods=14336 adapters=669
 compilation: enabled

Compilation events (10 events):
Event: 192.276 Thread 0x0000000017e33000 19879       3       java.lang.Throwable$WrappedPrintWriter::println (9 bytes)
Event: 192.276 Thread 0x0000000017e33000 nmethod 19879 0x000000000438c710 code [0x000000000438c880, 0x000000000438caa8]
Event: 192.276 Thread 0x0000000017e33000 19880   !   3       java.io.PrintWriter::println (34 bytes)
Event: 192.277 Thread 0x0000000017e33000 nmethod 19880 0x0000000004619e50 code [0x000000000461a020, 0x000000000461a968]
Event: 192.277 Thread 0x0000000017e33000 19881       3       java.io.StringWriter::write (17 bytes)
Event: 192.277 Thread 0x0000000017e33000 nmethod 19881 0x0000000003450750 code [0x00000000034508e0, 0x0000000003450db8]
Event: 192.277 Thread 0x0000000017e33000 19882       3       java.lang.StackTraceElement::toString (140 bytes)
Event: 192.279 Thread 0x0000000017e33000 nmethod 19882 0x000000000600c390 code [0x000000000600c6c0, 0x000000000600e308]
Event: 192.280 Thread 0x0000000017e33000 19883       3       java.lang.StackTraceElement::isNativeMethod (15 bytes)
Event: 192.280 Thread 0x0000000017e33000 nmethod 19883 0x0000000002f70850 code [0x0000000002f709a0, 0x0000000002f70b50]

GC Heap History (10 events):
Event: 187.751 GC heap before
{Heap before GC invocations=56 (full 9):
 PSYoungGen      total 392704K, used 82559K [0x00000000e0000000, 0x00000000fff80000, 0x0000000100000000)
  eden space 267264K, 0% used [0x00000000e0000000,0x00000000e0000000,0x00000000f0500000)
  from space 125440K, 65% used [0x00000000f0500000,0x00000000f559fc78,0x00000000f7f80000)
  to   space 124928K, 0% used [0x00000000f8580000,0x00000000f8580000,0x00000000fff80000)
 ParOldGen       total 502272K, used 444484K [0x00000000a0000000, 0x00000000bea80000, 0x00000000e0000000)
  object space 502272K, 88% used [0x00000000a0000000,0x00000000bb2112d0,0x00000000bea80000)
 Metaspace       used 74296K, capacity 76472K, committed 78592K, reserved 1118208K
  class space    used 9779K, capacity 10213K, committed 10496K, reserved 1048576K
Event: 189.499 GC heap after
Heap after GC invocations=56 (full 9):
 PSYoungGen      total 392704K, used 0K [0x00000000e0000000, 0x00000000fff80000, 0x0000000100000000)
  eden space 267264K, 0% used [0x00000000e0000000,0x00000000e0000000,0x00000000f0500000)
  from space 125440K, 0% used [0x00000000f0500000,0x00000000f0500000,0x00000000f7f80000)
  to   space 124928K, 0% used [0x00000000f8580000,0x00000000f8580000,0x00000000fff80000)
 ParOldGen       total 669696K, used 386560K [0x00000000a0000000, 0x00000000c8e00000, 0x00000000e0000000)
  object space 669696K, 57% used [0x00000000a0000000,0x00000000b7980130,0x00000000c8e00000)
 Metaspace       used 74296K, capacity 76472K, committed 78592K, reserved 1118208K
  class space    used 9779K, capacity 10213K, committed 10496K, reserved 1048576K
}
Event: 189.953 GC heap before
{Heap before GC invocations=57 (full 9):
 PSYoungGen      total 392704K, used 267264K [0x00000000e0000000, 0x00000000fff80000, 0x0000000100000000)
  eden space 267264K, 100% used [0x00000000e0000000,0x00000000f0500000,0x00000000f0500000)
  from space 125440K, 0% used [0x00000000f0500000,0x00000000f0500000,0x00000000f7f80000)
  to   space 124928K, 0% used [0x00000000f8580000,0x00000000f8580000,0x00000000fff80000)
 ParOldGen       total 669696K, used 386560K [0x00000000a0000000, 0x00000000c8e00000, 0x00000000e0000000)
  object space 669696K, 57% used [0x00000000a0000000,0x00000000b7980130,0x00000000c8e00000)
 Metaspace       used 74296K, capacity 76472K, committed 78592K, reserved 1118208K
  class space    used 9779K, capacity 10213K, committed 10496K, reserved 1048576K
Event: 190.041 GC heap after
Heap after GC invocations=57 (full 9):
 PSYoungGen      total 388608K, used 67497K [0x00000000e0000000, 0x00000000ff580000, 0x0000000100000000)
  eden space 273920K, 0% used [0x00000000e0000000,0x00000000e0000000,0x00000000f0b80000)
  from space 114688K, 58% used [0x00000000f8580000,0x00000000fc76a608,0x00000000ff580000)
  to   space 119808K, 0% used [0x00000000f0b80000,0x00000000f0b80000,0x00000000f8080000)
 ParOldGen       total 669696K, used 386560K [0x00000000a0000000, 0x00000000c8e00000, 0x00000000e0000000)
  object space 669696K, 57% used [0x00000000a0000000,0x00000000b7980130,0x00000000c8e00000)
 Metaspace       used 74296K, capacity 76472K, committed 78592K, reserved 1118208K
  class space    used 9779K, capacity 10213K, committed 10496K, reserved 1048576K
}
Event: 190.530 GC heap before
{Heap before GC invocations=58 (full 9):
 PSYoungGen      total 388608K, used 341417K [0x00000000e0000000, 0x00000000ff580000, 0x0000000100000000)
  eden space 273920K, 100% used [0x00000000e0000000,0x00000000f0b80000,0x00000000f0b80000)
  from space 114688K, 58% used [0x00000000f8580000,0x00000000fc76a608,0x00000000ff580000)
  to   space 119808K, 0% used [0x00000000f0b80000,0x00000000f0b80000,0x00000000f8080000)
 ParOldGen       total 669696K, used 386560K [0x00000000a0000000, 0x00000000c8e00000, 0x00000000e0000000)
  object space 669696K, 57% used [0x00000000a0000000,0x00000000b7980130,0x00000000c8e00000)
 Metaspace       used 74296K, capacity 76472K, committed 78592K, reserved 1118208K
  class space    used 9779K, capacity 10213K, committed 10496K, reserved 1048576K
Event: 190.687 GC heap after
Heap after GC invocations=58 (full 9):
 PSYoungGen      total 393728K, used 119803K [0x00000000e0000000, 0x0000000100000000, 0x0000000100000000)
  eden space 273920K, 0% used [0x00000000e0000000,0x00000000e0000000,0x00000000f0b80000)
  from space 119808K, 99% used [0x00000000f0b80000,0x00000000f807ed20,0x00000000f8080000)
  to   space 130560K, 0% used [0x00000000f8080000,0x00000000f8080000,0x0000000100000000)
 ParOldGen       total 669696K, used 399740K [0x00000000a0000000, 0x00000000c8e00000, 0x00000000e0000000)
  object space 669696K, 59% used [0x00000000a0000000,0x00000000b865f180,0x00000000c8e00000)
 Metaspace       used 74296K, capacity 76472K, committed 78592K, reserved 1118208K
  class space    used 9779K, capacity 10213K, committed 10496K, reserved 1048576K
}
Event: 191.226 GC heap before
{Heap before GC invocations=59 (full 9):
 PSYoungGen      total 393728K, used 393723K [0x00000000e0000000, 0x0000000100000000, 0x0000000100000000)
  eden space 273920K, 100% used [0x00000000e0000000,0x00000000f0b80000,0x00000000f0b80000)
  from space 119808K, 99% used [0x00000000f0b80000,0x00000000f807ed20,0x00000000f8080000)
  to   space 130560K, 0% used [0x00000000f8080000,0x00000000f8080000,0x0000000100000000)
 ParOldGen       total 669696K, used 399740K [0x00000000a0000000, 0x00000000c8e00000, 0x00000000e0000000)
  object space 669696K, 59% used [0x00000000a0000000,0x00000000b865f180,0x00000000c8e00000)
 Metaspace       used 74306K, capacity 76472K, committed 78592K, reserved 1118208K
  class space    used 9779K, capacity 10213K, committed 10496K, reserved 1048576K
Event: 191.415 GC heap after
Heap after GC invocations=59 (full 9):
 PSYoungGen      total 382464K, used 51490K [0x00000000e0000000, 0x0000000100000000, 0x0000000100000000)
  eden space 251904K, 0% used [0x00000000e0000000,0x00000000e0000000,0x00000000ef600000)
  from space 130560K, 39% used [0x00000000f8080000,0x00000000fb2c8b28,0x0000000100000000)
  to   space 136192K, 0% used [0x00000000ef600000,0x00000000ef600000,0x00000000f7b00000)
 ParOldGen       total 669696K, used 477015K [0x00000000a0000000, 0x00000000c8e00000, 0x00000000e0000000)
  object space 669696K, 71% used [0x00000000a0000000,0x00000000bd1d5ec8,0x00000000c8e00000)
 Metaspace       used 74306K, capacity 76472K, committed 78592K, reserved 1118208K
  class space    used 9779K, capacity 10213K, committed 10496K, reserved 1048576K
}
Event: 191.836 GC heap before
{Heap before GC invocations=60 (full 9):
 PSYoungGen      total 382464K, used 303394K [0x00000000e0000000, 0x0000000100000000, 0x0000000100000000)
  eden space 251904K, 100% used [0x00000000e0000000,0x00000000ef600000,0x00000000ef600000)
  from space 130560K, 39% used [0x00000000f8080000,0x00000000fb2c8b28,0x0000000100000000)
  to   space 136192K, 0% used [0x00000000ef600000,0x00000000ef600000,0x00000000f7b00000)
 ParOldGen       total 669696K, used 477015K [0x00000000a0000000, 0x00000000c8e00000, 0x00000000e0000000)
  object space 669696K, 71% used [0x00000000a0000000,0x00000000bd1d5ec8,0x00000000c8e00000)
 Metaspace       used 74306K, capacity 76472K, committed 78592K, reserved 1118208K
  class space    used 9779K, capacity 10213K, committed 10496K, reserved 1048576K
Event: 191.990 GC heap after
Heap after GC invocations=60 (full 9):
 PSYoungGen      total 388096K, used 54479K [0x00000000e0000000, 0x00000000fff80000, 0x0000000100000000)
  eden space 251904K, 0% used [0x00000000e0000000,0x00000000e0000000,0x00000000ef600000)
  from space 136192K, 40% used [0x00000000ef600000,0x00000000f2b33d80,0x00000000f7b00000)
  to   space 133120K, 0% used [0x00000000f7d80000,0x00000000f7d80000,0x00000000fff80000)
 ParOldGen       total 669696K, used 524250K [0x00000000a0000000, 0x00000000c8e00000, 0x00000000e0000000)
  object space 669696K, 78% used [0x00000000a0000000,0x00000000bfff68d8,0x00000000c8e00000)
 Metaspace       used 74306K, capacity 76472K, committed 78592K, reserved 1118208K
  class space    used 9779K, capacity 10213K, committed 10496K, reserved 1048576K
}

Deoptimization events (10 events):
Event: 185.396 Thread 0x000000001efc0800 Uncommon trap: reason=speculate_class_check action=maybe_recompile pc=0x0000000004639b80 method=com.android.dx.rop.cst.TypedConstant.getBasicType()I @ 1
Event: 185.396 Thread 0x000000001efc0800 Uncommon trap: reason=speculate_class_check action=maybe_recompile pc=0x0000000004639b80 method=com.android.dx.rop.cst.TypedConstant.getBasicType()I @ 1
Event: 185.396 Thread 0x000000001efc0800 Uncommon trap: reason=speculate_class_check action=maybe_recompile pc=0x0000000004639b80 method=com.android.dx.rop.cst.TypedConstant.getBasicType()I @ 1
Event: 185.396 Thread 0x000000001efc0800 Uncommon trap: reason=speculate_class_check action=maybe_recompile pc=0x0000000004639b80 method=com.android.dx.rop.cst.TypedConstant.getBasicType()I @ 1
Event: 185.746 Thread 0x000000001efc6000 Uncommon trap: reason=unstable_if action=reinterpret pc=0x00000000049aa980 method=com.android.dx.ssa.SCCP.simulateBranch(Lcom/android/dx/ssa/SsaInsn;)V @ 241
Event: 187.573 Thread 0x000000001e0ca000 Uncommon trap: reason=unstable_if action=reinterpret pc=0x0000000006225d38 method=com.android.dx.dex.file.OffsettedItem.equals(Ljava/lang/Object;)Z @ 36
Event: 190.043 Thread 0x000000001e0ca000 Uncommon trap: reason=unstable_if action=reinterpret pc=0x0000000005b68068 method=com.android.dx.dex.file.ValueEncoder.constantToValueType(Lcom/android/dx/rop/cst/Constant;)I @ 4
Event: 190.043 Thread 0x000000001e0ca000 Uncommon trap: reason=unstable_if action=reinterpret pc=0x00000000037da03c method=com.android.dx.dex.file.ValueEncoder.constantToValueType(Lcom/android/dx/rop/cst/Constant;)I @ 4
Event: 192.255 Thread 0x0000000019357800 Uncommon trap: reason=class_check action=maybe_recompile pc=0x00000000034ca100 method=java.lang.Throwable.<init>(Ljava/lang/String;Ljava/lang/Throwable;)V @ 24
Event: 192.270 Thread 0x0000000019357800 Uncommon trap: reason=array_check action=maybe_recompile pc=0x00000000057db56c method=java.util.ComparableTimSort.reverseRange([Ljava/lang/Object;II)V @ 27

Internal exceptions (10 events):
Event: 144.509 Thread 0x0000000019357800 Exception <a 'java/io/FileNotFoundException'> (0x00000000f171e378) thrown at [C:\src\android\AOSP-openjdk\external\jetbrains\jdk\hotspot\src\share\vm\prims\jni.cpp, line 709]
Event: 148.942 Thread 0x000000001b9a9800 Exception <a 'sun/nio/fs/WindowsException'> (0x00000000f6161998) thrown at [C:\src\android\AOSP-openjdk\external\jetbrains\jdk\hotspot\src\share\vm\prims\jni.cpp, line 709]
Event: 150.575 Thread 0x0000000019357800 Exception <a 'java/lang/NoSuchMethodError': <clinit>> (0x00000000e64dd1b0) thrown at [C:\src\android\AOSP-openjdk\external\jetbrains\jdk\hotspot\src\share\vm\prims\jni.cpp, line 1591]
Event: 154.120 Thread 0x0000000019357800 Exception <a 'java/lang/NoSuchMethodError': <clinit>> (0x00000000f6a19fa0) thrown at [C:\src\android\AOSP-openjdk\external\jetbrains\jdk\hotspot\src\share\vm\prims\jni.cpp, line 1591]
Event: 154.988 Thread 0x0000000019357800 Implicit null exception at 0x000000000563b515 to 0x000000000563b6d5
Event: 165.274 Thread 0x000000001e0c5000 Implicit null exception at 0x0000000004a18671 to 0x0000000004a18755
Event: 192.254 Thread 0x000000001e0c5000 Exception <a 'java/lang/OutOfMemoryError'> (0x00000000e7c69348) thrown at [C:\src\android\AOSP-openjdk\external\jetbrains\jdk\hotspot\src\share\vm\prims\jni.cpp, line 735]
Event: 192.255 Thread 0x0000000019357800 Exception <a 'java/lang/reflect/InvocationTargetException'> (0x00000000e342f280) thrown at [C:\src\android\AOSP-openjdk\external\jetbrains\jdk\hotspot\src\share\vm\runtime\reflection.cpp, line 1092]
Event: 192.268 Thread 0x0000000019357800 Exception <a 'java/lang/NoSuchMethodError': <clinit>> (0x00000000e840f6e0) thrown at [C:\src\android\AOSP-openjdk\external\jetbrains\jdk\hotspot\src\share\vm\prims\jni.cpp, line 1591]
Event: 192.271 Thread 0x0000000019357800 Exception <a 'java/lang/NoSuchMethodError': <clinit>> (0x00000000e852f358) thrown at [C:\src\android\AOSP-openjdk\external\jetbrains\jdk\hotspot\src\share\vm\prims\jni.cpp, line 1591]

Events (10 events):
Event: 192.263 Executing VM operation: RevokeBias done
Event: 192.263 Executing VM operation: RevokeBias
Event: 192.263 Executing VM operation: RevokeBias done
Event: 192.264 Executing VM operation: RevokeBias
Event: 192.264 Executing VM operation: RevokeBias done
Event: 192.270 Thread 0x0000000019357800 Uncommon trap: trap_request=0xffffffd6 fr.pc=0x00000000057db56c
Event: 192.270 Thread 0x0000000019357800 DEOPT PACKING pc=0x00000000057db56c sp=0x000000001a89b2d0
Event: 192.270 Thread 0x0000000019357800 DEOPT UNPACKING pc=0x0000000002db556a sp=0x000000001a89b1f8 mode 2
Event: 192.273 Executing VM operation: RevokeBias
Event: 192.274 Executing VM operation: RevokeBias done


Dynamic libraries:
0x00007ff7c8f00000 - 0x00007ff7c8f31000 	D:\android-studio\jre\bin\java.exe
0x00007ff849c00000 - 0x00007ff849dd1000 	C:\WINDOWS\SYSTEM32\ntdll.dll
0x00007ff849060000 - 0x00007ff84910b000 	C:\WINDOWS\System32\KERNEL32.DLL
0x00007ff846340000 - 0x00007ff84655d000 	C:\WINDOWS\System32\KERNELBASE.dll
0x00007ff8496d0000 - 0x00007ff849772000 	C:\WINDOWS\System32\ADVAPI32.dll
0x00007ff8492c0000 - 0x00007ff84935e000 	C:\WINDOWS\System32\msvcrt.dll
0x00007ff8486b0000 - 0x00007ff848709000 	C:\WINDOWS\System32\sechost.dll
0x00007ff848f30000 - 0x00007ff849051000 	C:\WINDOWS\System32\RPCRT4.dll
0x00007ff848540000 - 0x00007ff8486a5000 	C:\WINDOWS\System32\USER32.dll
0x00007ff846320000 - 0x00007ff84633e000 	C:\WINDOWS\System32\win32u.dll
0x00007ff848bb0000 - 0x00007ff848be4000 	C:\WINDOWS\System32\GDI32.dll
0x00007ff846ce0000 - 0x00007ff846e62000 	C:\WINDOWS\System32\gdi32full.dll
0x00007ff841720000 - 0x00007ff841999000 	C:\WINDOWS\WinSxS\amd64_microsoft.windows.common-controls_6595b64144ccf1df_6.0.14393.447_none_42191651c6827bb3\COMCTL32.dll
0x00007ff849360000 - 0x00007ff849627000 	C:\WINDOWS\System32\combase.dll
0x00007ff845f60000 - 0x00007ff846055000 	C:\WINDOWS\System32\ucrtbase.dll
0x00007ff845ef0000 - 0x00007ff845f5a000 	C:\WINDOWS\System32\bcryptPrimitives.dll
0x00007ff848bf0000 - 0x00007ff848c1e000 	C:\WINDOWS\System32\IMM32.DLL
0x0000000065120000 - 0x00000000651f2000 	D:\android-studio\jre\jre\bin\msvcr100.dll
0x0000000063560000 - 0x0000000063d94000 	D:\android-studio\jre\jre\bin\server\jvm.dll
0x00007ff8462a0000 - 0x00007ff8462c3000 	C:\WINDOWS\System32\WINMM.dll
0x00007ff845e50000 - 0x00007ff845e7b000 	C:\WINDOWS\System32\WINMMBASE.dll
0x00007ff845ea0000 - 0x00007ff845ee2000 	C:\WINDOWS\System32\cfgmgr32.dll
0x00007ff8273d0000 - 0x00007ff8273d9000 	C:\WINDOWS\SYSTEM32\WSOCK32.dll
0x00007ff8492b0000 - 0x00007ff8492b8000 	C:\WINDOWS\System32\PSAPI.DLL
0x00007ff8431b0000 - 0x00007ff8431ba000 	C:\WINDOWS\SYSTEM32\VERSION.dll
0x00007ff848710000 - 0x00007ff84877a000 	C:\WINDOWS\System32\WS2_32.dll
0x00007ff843210000 - 0x00007ff84321f000 	D:\android-studio\jre\jre\bin\verify.dll
0x00007ff841290000 - 0x00007ff8412b9000 	D:\android-studio\jre\jre\bin\java.dll
0x00007ff840ed0000 - 0x00007ff840ee6000 	D:\android-studio\jre\jre\bin\zip.dll
0x00007ff846fd0000 - 0x00007ff8484d9000 	C:\WINDOWS\System32\SHELL32.dll
0x00007ff846600000 - 0x00007ff846cda000 	C:\WINDOWS\System32\windows.storage.dll
0x00007ff8462d0000 - 0x00007ff84631c000 	C:\WINDOWS\System32\powrprof.dll
0x00007ff849890000 - 0x00007ff8498e2000 	C:\WINDOWS\System32\shlwapi.dll
0x00007ff845e30000 - 0x00007ff845e3f000 	C:\WINDOWS\System32\kernel.appcore.dll
0x00007ff846e70000 - 0x00007ff846f19000 	C:\WINDOWS\System32\shcore.dll
0x00007ff845e80000 - 0x00007ff845e94000 	C:\WINDOWS\System32\profapi.dll
0x00007ff840eb0000 - 0x00007ff840eca000 	D:\android-studio\jre\jre\bin\net.dll
0x00007ff845630000 - 0x00007ff84568c000 	C:\WINDOWS\system32\mswsock.dll
0x00007ff840be0000 - 0x00007ff840bf1000 	D:\android-studio\jre\jre\bin\nio.dll
0x00007ff836a70000 - 0x00007ff836a82000 	D:\gradle\.gradle\native\19\windows-amd64\native-platform.dll
0x00007ff845900000 - 0x00007ff845917000 	C:\WINDOWS\SYSTEM32\CRYPTSP.dll
0x00007ff8457b0000 - 0x00007ff8457e3000 	C:\WINDOWS\system32\rsaenh.dll
0x00007ff845cd0000 - 0x00007ff845cfb000 	C:\WINDOWS\SYSTEM32\bcrypt.dll
0x00007ff8454c0000 - 0x00007ff8454df000 	C:\WINDOWS\SYSTEM32\USERENV.dll
0x00007ff845920000 - 0x00007ff84592b000 	C:\WINDOWS\SYSTEM32\CRYPTBASE.dll
0x00007ff8453c0000 - 0x00007ff8453f8000 	C:\WINDOWS\SYSTEM32\IPHLPAPI.DLL
0x00007ff848d60000 - 0x00007ff848d68000 	C:\WINDOWS\System32\NSI.dll
0x00007ff83df80000 - 0x00007ff83df96000 	C:\WINDOWS\SYSTEM32\dhcpcsvc6.DLL
0x00007ff83dfa0000 - 0x00007ff83dfba000 	C:\WINDOWS\SYSTEM32\dhcpcsvc.DLL
0x00007ff841200000 - 0x00007ff84120d000 	D:\android-studio\jre\jre\bin\management.dll
0x00007ff8451e0000 - 0x00007ff845212000 	C:\WINDOWS\SYSTEM32\ntmarta.dll

VM Arguments:
jvm_args: -Xmx1536m -Dfile.encoding=GBK -Duser.country=CN -Duser.language=zh -Duser.variant 
java_command: org.gradle.launcher.daemon.bootstrap.GradleDaemon 2.14.1
java_class_path (initial): D:\android-studio\gradle\gradle-2.14.1\lib\gradle-launcher-2.14.1.jar
Launcher Type: SUN_STANDARD

Environment Variables:
JAVA_HOME=C:\Program Files\Java\jdk1.8.0_111
CLASSPATH=C:\Program Files\Java\jdk1.8.0_111\lib\dt.jar;C:\Program Files\Java\jdk1.8.0_111\lib\tools.jar
PATH=C:\ProgramData\Oracle\Java\javapath;C:\Windows\system32;C:\Windows;C:\Windows\System32\Wbem;C:\Windows\System32\WindowsPowerShell\v1.0\;C:\Program Files (x86)\NVIDIA Corporation\PhysX\Common;%JAVA_HOME%\bin;%JAVA_HOME%\jre\bin;D:\ADT-Bundle\sdk\platform-tools;C:\Program Files (x86)\decomp;%GRADLE_HOME%\bin;C:\Program Files\Git\bin;C:\WINDOWS\system32;C:\WINDOWS;C:\WINDOWS\System32\Wbem;C:\WINDOWS\System32\WindowsPowerShell\v1.0\;C:\Users\AllenIverson\AppData\Local\Microsoft\WindowsApps;
USERNAME=AllenIverson
OS=Windows_NT
PROCESSOR_IDENTIFIER=Intel64 Family 6 Model 42 Stepping 7, GenuineIntel



---------------  S Y S T E M  ---------------

OS: Windows 10.0 , 64 bit Build 14393 (10.0.14393.0)

CPU:total 4 (2 cores per cpu, 2 threads per core) family 6 model 42 stepping 7, cmov, cx8, fxsr, mmx, sse, sse2, sse3, ssse3, sse4.1, sse4.2, popcnt, avx, aes, clmul, ht, tsc, tscinvbit

Memory: 4k page, physical 8364836k(915372k free), swap 8364836k(4160k free)

vm_info: OpenJDK 64-Bit Server VM (25.76-b03) for windows-amd64 JRE (1.8.0_76-release-b03), built on Jun 29 2016 19:09:20 by "ralucas" with MS VC++ 10.0 (VS2010)

time: Fri Nov 25 13:37:06 2016
elapsed time: 192 seconds (0d 0h 3m 12s)

