#
# There is insufficient memory for the Java Runtime Environment to continue.
# Native memory allocation (malloc) failed to allocate 855536 bytes for Chunk::new
# Possible reasons:
#   The system is out of physical RAM or swap space
#   In 32 bit mode, the process size limit was hit
# Possible solutions:
#   Reduce memory load on the system
#   Increase physical memory or swap space
#   Check if swap backing store is full
#   Use 64 bit Java on a 64 bit OS
#   Decrease Java heap size (-Xmx/-Xms)
#   Decrease number of Java threads
#   Decrease Java thread stack sizes (-Xss)
#   Set larger code cache with -XX:ReservedCodeCacheSize=
# This output file may be truncated or incomplete.
#
#  Out of Memory Error (allocation.cpp:390), pid=13532, tid=0x0000000000002964
#
# JRE version: OpenJDK Runtime Environment (8.0_76-b03) (build 1.8.0_76-release-b03)
# Java VM: OpenJDK 64-Bit Server VM (25.76-b03 mixed mode windows-amd64 compressed oops)
# Failed to write core dump. Minidumps are not enabled by default on client versions of Windows
#

---------------  T H R E A D  ---------------

Current thread (0x0000000016d59000):  JavaThread "C2 CompilerThread0" daemon [_thread_in_native, id=10596, stack(0x0000000018250000,0x0000000018350000)]

Stack: [0x0000000018250000,0x0000000018350000]
[error occurred during error reporting (printing stack bounds), id 0xc0000005]

Native frames: (J=compiled Java code, j=interpreted, Vv=VM code, C=native code)


Current CompileTask:
C2: 257978 17633       4       java.util.concurrent.ThreadPoolExecutor::execute (132 bytes)


---------------  P R O C E S S  ---------------

Java Threads: ( => current thread )
  0x000000001fa86800 JavaThread "pool-75-thread-4" [_thread_new, id=11968, stack(0x0000000000000000,0x0000000000000000)]
  0x000000001fa7c000 JavaThread "pool-75-thread-3" [_thread_new, id=7348, stack(0x0000000000000000,0x0000000000000000)]
  0x000000001fa7b000 JavaThread "pool-75-thread-2" [_thread_new, id=14132, stack(0x0000000000000000,0x0000000000000000)]
  0x000000001fa80800 JavaThread "pool-76-thread-1" [_thread_new, id=10096, stack(0x0000000000000000,0x0000000000000000)]
  0x000000001fa7f800 JavaThread "pool-75-thread-1" [_thread_new, id=13560, stack(0x0000000000000000,0x0000000000000000)]
  0x000000001fa7f000 JavaThread "pool-71-thread-1" [_thread_in_Java, id=2172, stack(0x000000003acd0000,0x000000003add0000)]
  0x000000001fa82000 JavaThread "pool-56-thread-1" [_thread_in_Java, id=9280, stack(0x000000003abd0000,0x000000003acd0000)]
  0x000000001fa7e000 JavaThread "pool-69-thread-4" [_thread_blocked, id=12716, stack(0x000000003a3d0000,0x000000003a4d0000)]
  0x000000001fa7d800 JavaThread "pool-69-thread-3" [_thread_blocked, id=13776, stack(0x000000003a2d0000,0x000000003a3d0000)]
  0x000000001fa7c800 JavaThread "pool-69-thread-2" [_thread_in_Java, id=9444, stack(0x000000003a1d0000,0x000000003a2d0000)]
  0x000000001fa83800 JavaThread "pool-70-thread-1" [_thread_blocked, id=14124, stack(0x000000003a0d0000,0x000000003a1d0000)]
  0x000000001fa82800 JavaThread "pool-69-thread-1" [_thread_in_Java, id=11672, stack(0x0000000039fd0000,0x000000003a0d0000)]
  0x000000001c66e000 JavaThread "pool-10-thread-4" [_thread_in_Java, id=13064, stack(0x00000000332d0000,0x00000000333d0000)]
  0x000000001c66d000 JavaThread "pool-10-thread-3" [_thread_blocked, id=8848, stack(0x00000000331d0000,0x00000000332d0000)]
  0x000000001b99b000 JavaThread "pool-10-thread-2" [_thread_in_native, id=13456, stack(0x00000000330d0000,0x00000000331d0000)]
  0x000000001b998000 JavaThread "pool-10-thread-1" [_thread_blocked, id=13716, stack(0x0000000032fd0000,0x00000000330d0000)]
  0x000000001c66c800 JavaThread "pool-4-thread-4" [_thread_blocked, id=13936, stack(0x0000000021fd0000,0x00000000220d0000)]
  0x000000001c66e800 JavaThread "pool-4-thread-3" [_thread_blocked, id=13124, stack(0x0000000021ed0000,0x0000000021fd0000)]
  0x000000001c671800 JavaThread "pool-4-thread-2" [_thread_blocked, id=1760, stack(0x0000000021dd0000,0x0000000021ed0000)]
  0x000000001c671000 JavaThread "pool-4-thread-1" [_thread_blocked, id=14116, stack(0x0000000021cd0000,0x0000000021dd0000)]
  0x000000001b99c000 JavaThread "pool-2-thread-1" [_thread_blocked, id=10104, stack(0x00000000203d0000,0x00000000204d0000)]
  0x000000001b999000 JavaThread "File lock request listener" [_thread_in_native, id=13000, stack(0x000000001d850000,0x000000001d950000)]
  0x00000000197a2000 JavaThread "Asynchronous log dispatcher for org.gradle.launcher.daemon.server.DefaultDaemonConnection@28c0b9ee" [_thread_blocked, id=12616, stack(0x000000001aeb0000,0x000000001afb0000)]
  0x0000000019781800 JavaThread "Daemon worker" [_thread_in_native, id=12712, stack(0x000000001adb0000,0x000000001aeb0000)]
  0x0000000019780000 JavaThread "Cancel handler" [_thread_blocked, id=12624, stack(0x000000001acb0000,0x000000001adb0000)]
  0x00000000198ed800 JavaThread "Handler for socket connection from /127.0.0.1:11251 to /127.0.0.1:11257" [_thread_in_native, id=12948, stack(0x000000001abb0000,0x000000001acb0000)]
  0x0000000019720800 JavaThread "Daemon" [_thread_blocked, id=12952, stack(0x000000001aab0000,0x000000001abb0000)]
  0x000000001974c000 JavaThread "pool-1-thread-1" [_thread_blocked, id=2156, stack(0x000000001a9b0000,0x000000001aab0000)]
  0x0000000019af5800 JavaThread "Incoming local TCP Connector on port 11251" [_thread_in_native, id=4964, stack(0x000000001a3c0000,0x000000001a4c0000)]
  0x000000001845a000 JavaThread "Service Thread" daemon [_thread_blocked, id=8980, stack(0x0000000018950000,0x0000000018a50000)]
  0x0000000018450800 JavaThread "C1 CompilerThread2" daemon [_thread_blocked, id=11584, stack(0x0000000018850000,0x0000000018950000)]
  0x0000000016d5c000 JavaThread "C2 CompilerThread1" daemon [_thread_in_native, id=784, stack(0x0000000018350000,0x0000000018450000)]
=>0x0000000016d59000 JavaThread "C2 CompilerThread0" daemon [_thread_in_native, id=10596, stack(0x0000000018250000,0x0000000018350000)]
  0x0000000016d0c000 JavaThread "Attach Listener" daemon [_thread_blocked, id=10536, stack(0x0000000018150000,0x0000000018250000)]
  0x0000000016d0b800 JavaThread "Signal Dispatcher" daemon [_thread_blocked, id=8924, stack(0x0000000018050000,0x0000000018150000)]
  0x0000000016ce7000 JavaThread "Finalizer" daemon [_thread_blocked, id=11892, stack(0x0000000017f50000,0x0000000018050000)]
  0x0000000003381000 JavaThread "Reference Handler" daemon [_thread_blocked, id=13844, stack(0x0000000017e50000,0x0000000017f50000)]
  0x0000000003290800 JavaThread "main" [_thread_blocked, id=8372, stack(0x0000000002db0000,0x0000000002eb0000)]

Other Threads:
  0x0000000016cc4800 VMThread [stack: 0x0000000017d50000,0x0000000017e50000] [id=2000]
  0x000000001845d000 WatcherThread [stack: 0x0000000018a50000,0x0000000018b50000] [id=4708]

VM state:not at safepoint (normal execution)

VM Mutex/Monitor currently owned by a thread: None

Heap:
 PSYoungGen      total 363008K, used 117595K [0x00000000e0000000, 0x0000000100000000, 0x0000000100000000)
  eden space 201728K, 36% used [0x00000000e0000000,0x00000000e477e900,0x00000000ec500000)
  from space 161280K, 27% used [0x00000000ec500000,0x00000000ef0584d0,0x00000000f6280000)
  to   space 158720K, 0% used [0x00000000f6500000,0x00000000f6500000,0x0000000100000000)
 ParOldGen       total 442880K, used 343585K [0x00000000a0000000, 0x00000000bb080000, 0x00000000e0000000)
  object space 442880K, 77% used [0x00000000a0000000,0x00000000b4f88758,0x00000000bb080000)
 Metaspace       used 70559K, capacity 72526K, committed 74112K, reserved 1114112K
  class space    used 9397K, capacity 9828K, committed 10112K, reserved 1048576K

Card table byte_map: [0x0000000012750000,0x0000000012a60000] byte_map_base: 0x0000000012250000

Marking Bits: (ParMarkBitMap*) 0x0000000063d19d00
 Begin Bits: [0x0000000013060000, 0x0000000014860000)
 End Bits:   [0x0000000014860000, 0x0000000016060000)

Polling page: 0x0000000000df0000

CodeCache: size=245760Kb used=49657Kb max_used=50801Kb free=196102Kb
 bounds [0x0000000003390000, 0x0000000006590000, 0x0000000012390000]
 total_blobs=13418 nmethods=12668 adapters=661
 compilation: enabled

Compilation events (10 events):
Event: 257.793 Thread 0x0000000018450800 nmethod 17656 0x0000000006020c50 code [0x0000000006020da0, 0x0000000006020eb0]
Event: 257.794 Thread 0x0000000018450800 17657       1       org.gradle.internal.logging.events.StyledTextOutputEvent$Span::getText (5 bytes)
Event: 257.794 Thread 0x0000000018450800 nmethod 17657 0x0000000006030c10 code [0x0000000006030d60, 0x0000000006030e70]
Event: 257.800 Thread 0x0000000018450800 17658       1       org.gradle.internal.logging.events.StyledTextOutputEvent::getSpans (5 bytes)
Event: 257.800 Thread 0x0000000018450800 nmethod 17658 0x00000000036d5e50 code [0x00000000036d5fa0, 0x00000000036d60b0]
Event: 257.812 Thread 0x0000000016d5c000 17659 %     4       com.android.dx.dex.file.UniformItemSection::prepare0 @ 19 (47 bytes)
Event: 257.818 Thread 0x0000000018450800 17660       3       com.android.dx.dex.file.Section::prepare (14 bytes)
Event: 257.818 Thread 0x0000000018450800 nmethod 17660 0x0000000004508110 code [0x00000000045082a0, 0x0000000004508698]
Event: 257.821 Thread 0x0000000016d5c000 nmethod 17659% 0x0000000003feb6d0 code [0x0000000003feb840, 0x0000000003febb78]
Event: 257.825 Thread 0x0000000016d5c000 17661       4       java.util.ComparableTimSort::sort (219 bytes)

GC Heap History (10 events):
Event: 252.391 GC heap before
{Heap before GC invocations=42 (full 7):
 PSYoungGen      total 342528K, used 266752K [0x00000000e0000000, 0x00000000ff780000, 0x0000000100000000)
  eden space 266752K, 100% used [0x00000000e0000000,0x00000000f0480000,0x00000000f0480000)
  from space 75776K, 0% used [0x00000000f0480000,0x00000000f0480000,0x00000000f4e80000)
  to   space 124416K, 0% used [0x00000000f7e00000,0x00000000f7e00000,0x00000000ff780000)
 ParOldGen       total 442880K, used 338934K [0x00000000a0000000, 0x00000000bb080000, 0x00000000e0000000)
  object space 442880K, 76% used [0x00000000a0000000,0x00000000b4afdab0,0x00000000bb080000)
 Metaspace       used 70326K, capacity 72278K, committed 74112K, reserved 1114112K
  class space    used 9373K, capacity 9792K, committed 10112K, reserved 1048576K
Event: 252.482 GC heap after
Heap after GC invocations=42 (full 7):
 PSYoungGen      total 396800K, used 63504K [0x00000000e0000000, 0x0000000100000000, 0x0000000100000000)
  eden space 272384K, 0% used [0x00000000e0000000,0x00000000e0000000,0x00000000f0a00000)
  from space 124416K, 51% used [0x00000000f7e00000,0x00000000fbc043f0,0x00000000ff780000)
  to   space 118784K, 0% used [0x00000000f0a00000,0x00000000f0a00000,0x00000000f7e00000)
 ParOldGen       total 442880K, used 338934K [0x00000000a0000000, 0x00000000bb080000, 0x00000000e0000000)
  object space 442880K, 76% used [0x00000000a0000000,0x00000000b4afdab0,0x00000000bb080000)
 Metaspace       used 70326K, capacity 72278K, committed 74112K, reserved 1114112K
  class space    used 9373K, capacity 9792K, committed 10112K, reserved 1048576K
}
Event: 253.116 GC heap before
{Heap before GC invocations=43 (full 7):
 PSYoungGen      total 396800K, used 335888K [0x00000000e0000000, 0x0000000100000000, 0x0000000100000000)
  eden space 272384K, 100% used [0x00000000e0000000,0x00000000f0a00000,0x00000000f0a00000)
  from space 124416K, 51% used [0x00000000f7e00000,0x00000000fbc043f0,0x00000000ff780000)
  to   space 118784K, 0% used [0x00000000f0a00000,0x00000000f0a00000,0x00000000f7e00000)
 ParOldGen       total 442880K, used 338934K [0x00000000a0000000, 0x00000000bb080000, 0x00000000e0000000)
  object space 442880K, 76% used [0x00000000a0000000,0x00000000b4afdab0,0x00000000bb080000)
 Metaspace       used 70326K, capacity 72278K, committed 74112K, reserved 1114112K
  class space    used 9373K, capacity 9792K, committed 10112K, reserved 1048576K
Event: 253.274 GC heap after
Heap after GC invocations=43 (full 7):
 PSYoungGen      total 391168K, used 103521K [0x00000000e0000000, 0x0000000100000000, 0x0000000100000000)
  eden space 272384K, 0% used [0x00000000e0000000,0x00000000e0000000,0x00000000f0a00000)
  from space 118784K, 87% used [0x00000000f0a00000,0x00000000f6f18470,0x00000000f7e00000)
  to   space 128000K, 0% used [0x00000000f8300000,0x00000000f8300000,0x0000000100000000)
 ParOldGen       total 442880K, used 338942K [0x00000000a0000000, 0x00000000bb080000, 0x00000000e0000000)
  object space 442880K, 76% used [0x00000000a0000000,0x00000000b4affab0,0x00000000bb080000)
 Metaspace       used 70326K, capacity 72278K, committed 74112K, reserved 1114112K
  class space    used 9373K, capacity 9792K, committed 10112K, reserved 1048576K
}
Event: 253.767 GC heap before
{Heap before GC invocations=44 (full 7):
 PSYoungGen      total 391168K, used 375905K [0x00000000e0000000, 0x0000000100000000, 0x0000000100000000)
  eden space 272384K, 100% used [0x00000000e0000000,0x00000000f0a00000,0x00000000f0a00000)
  from space 118784K, 87% used [0x00000000f0a00000,0x00000000f6f18470,0x00000000f7e00000)
  to   space 128000K, 0% used [0x00000000f8300000,0x00000000f8300000,0x0000000100000000)
 ParOldGen       total 442880K, used 338942K [0x00000000a0000000, 0x00000000bb080000, 0x00000000e0000000)
  object space 442880K, 76% used [0x00000000a0000000,0x00000000b4affab0,0x00000000bb080000)
 Metaspace       used 70327K, capacity 72278K, committed 74112K, reserved 1114112K
  class space    used 9373K, capacity 9792K, committed 10112K, reserved 1048576K
Event: 253.971 GC heap after
Heap after GC invocations=44 (full 7):
 PSYoungGen      total 329728K, used 127969K [0x00000000e0000000, 0x0000000100000000, 0x0000000100000000)
  eden space 201728K, 0% used [0x00000000e0000000,0x00000000e0000000,0x00000000ec500000)
  from space 128000K, 99% used [0x00000000f8300000,0x00000000ffff8538,0x0000000100000000)
  to   space 161280K, 0% used [0x00000000ec500000,0x00000000ec500000,0x00000000f6280000)
 ParOldGen       total 442880K, used 384067K [0x00000000a0000000, 0x00000000bb080000, 0x00000000e0000000)
  object space 442880K, 86% used [0x00000000a0000000,0x00000000b7710fc8,0x00000000bb080000)
 Metaspace       used 70327K, capacity 72278K, committed 74112K, reserved 1114112K
  class space    used 9373K, capacity 9792K, committed 10112K, reserved 1048576K
}
Event: 253.971 GC heap before
{Heap before GC invocations=45 (full 8):
 PSYoungGen      total 329728K, used 127969K [0x00000000e0000000, 0x0000000100000000, 0x0000000100000000)
  eden space 201728K, 0% used [0x00000000e0000000,0x00000000e0000000,0x00000000ec500000)
  from space 128000K, 99% used [0x00000000f8300000,0x00000000ffff8538,0x0000000100000000)
  to   space 161280K, 0% used [0x00000000ec500000,0x00000000ec500000,0x00000000f6280000)
 ParOldGen       total 442880K, used 384067K [0x00000000a0000000, 0x00000000bb080000, 0x00000000e0000000)
  object space 442880K, 86% used [0x00000000a0000000,0x00000000b7710fc8,0x00000000bb080000)
 Metaspace       used 70327K, capacity 72278K, committed 74112K, reserved 1114112K
  class space    used 9373K, capacity 9792K, committed 10112K, reserved 1048576K
Event: 257.105 GC heap after
Heap after GC invocations=45 (full 8):
 PSYoungGen      total 329728K, used 0K [0x00000000e0000000, 0x0000000100000000, 0x0000000100000000)
  eden space 201728K, 0% used [0x00000000e0000000,0x00000000e0000000,0x00000000ec500000)
  from space 128000K, 0% used [0x00000000f8300000,0x00000000f8300000,0x0000000100000000)
  to   space 161280K, 0% used [0x00000000ec500000,0x00000000ec500000,0x00000000f6280000)
 ParOldGen       total 442880K, used 343585K [0x00000000a0000000, 0x00000000bb080000, 0x00000000e0000000)
  object space 442880K, 77% used [0x00000000a0000000,0x00000000b4f88758,0x00000000bb080000)
 Metaspace       used 70327K, capacity 72278K, committed 74112K, reserved 1114112K
  class space    used 9373K, capacity 9792K, committed 10112K, reserved 1048576K
}
Event: 257.553 GC heap before
{Heap before GC invocations=46 (full 8):
 PSYoungGen      total 329728K, used 201728K [0x00000000e0000000, 0x0000000100000000, 0x0000000100000000)
  eden space 201728K, 100% used [0x00000000e0000000,0x00000000ec500000,0x00000000ec500000)
  from space 128000K, 0% used [0x00000000f8300000,0x00000000f8300000,0x0000000100000000)
  to   space 161280K, 0% used [0x00000000ec500000,0x00000000ec500000,0x00000000f6280000)
 ParOldGen       total 442880K, used 343585K [0x00000000a0000000, 0x00000000bb080000, 0x00000000e0000000)
  object space 442880K, 77% used [0x00000000a0000000,0x00000000b4f88758,0x00000000bb080000)
 Metaspace       used 70335K, capacity 72278K, committed 74112K, reserved 1114112K
  class space    used 9374K, capacity 9792K, committed 10112K, reserved 1048576K
Event: 257.628 GC heap after
Heap after GC invocations=46 (full 8):
 PSYoungGen      total 363008K, used 44385K [0x00000000e0000000, 0x0000000100000000, 0x0000000100000000)
  eden space 201728K, 0% used [0x00000000e0000000,0x00000000e0000000,0x00000000ec500000)
  from space 161280K, 27% used [0x00000000ec500000,0x00000000ef0584d0,0x00000000f6280000)
  to   space 158720K, 0% used [0x00000000f6500000,0x00000000f6500000,0x0000000100000000)
 ParOldGen       total 442880K, used 343585K [0x00000000a0000000, 0x00000000bb080000, 0x00000000e0000000)
  object space 442880K, 77% used [0x00000000a0000000,0x00000000b4f88758,0x00000000bb080000)
 Metaspace       used 70335K, capacity 72278K, committed 74112K, reserved 1114112K
  class space    used 9374K, capacity 9792K, committed 10112K, reserved 1048576K
}

Deoptimization events (10 events):
Event: 248.244 Thread 0x000000001fa86800 Uncommon trap: reason=speculate_class_check action=maybe_recompile pc=0x00000000064d4768 method=com.android.dx.rop.cst.TypedConstant.getBasicType()I @ 1
Event: 248.244 Thread 0x000000001fa86800 Uncommon trap: reason=speculate_class_check action=maybe_recompile pc=0x00000000064d4768 method=com.android.dx.rop.cst.TypedConstant.getBasicType()I @ 1
Event: 248.244 Thread 0x000000001fa86800 Uncommon trap: reason=speculate_class_check action=maybe_recompile pc=0x00000000064d4768 method=com.android.dx.rop.cst.TypedConstant.getBasicType()I @ 1
Event: 248.244 Thread 0x000000001fa86800 Uncommon trap: reason=speculate_class_check action=maybe_recompile pc=0x00000000064d4768 method=com.android.dx.rop.cst.TypedConstant.getBasicType()I @ 1
Event: 248.244 Thread 0x000000001fa86800 Uncommon trap: reason=unloaded action=reinterpret pc=0x000000000650d6d0 method=com.android.dx.ssa.SCCP.replaceBranches()V @ 110
Event: 248.245 Thread 0x000000001fa86800 Uncommon trap: reason=unstable_if action=reinterpret pc=0x0000000005a5c014 method=com.android.dx.ssa.DeadCodeRemover.pruneDeadInstructions()V @ 49
Event: 257.463 Thread 0x0000000019781800 Uncommon trap: reason=class_check action=maybe_recompile pc=0x0000000003b677c0 method=java.lang.Throwable.<init>(Ljava/lang/String;Ljava/lang/Throwable;)V @ 24
Event: 257.639 Thread 0x0000000019781800 Uncommon trap: reason=predicate action=maybe_recompile pc=0x0000000004a04fec method=java.util.ComparableTimSort.reverseRange([Ljava/lang/Object;II)V @ 8
Event: 257.640 Thread 0x0000000019781800 Uncommon trap: reason=array_check action=maybe_recompile pc=0x0000000005cb611c method=java.util.TimSort.reverseRange([Ljava/lang/Object;II)V @ 20
Event: 257.641 Thread 0x0000000019781800 Uncommon trap: reason=array_check action=maybe_recompile pc=0x0000000005cb611c method=java.util.TimSort.reverseRange([Ljava/lang/Object;II)V @ 20

Internal exceptions (10 events):
Event: 193.347 Thread 0x0000000019781800 Exception <a 'java/lang/NoSuchMethodError': <clinit>> (0x00000000f1a26bc8) thrown at [C:\src\android\AOSP-openjdk\external\jetbrains\jdk\hotspot\src\share\vm\prims\jni.cpp, line 1591]
Event: 195.027 Thread 0x0000000019781800 Implicit null exception at 0x0000000005ac9dd5 to 0x0000000005ac9f95
Event: 212.025 Thread 0x000000001fa80800 Implicit null exception at 0x00000000045b236c to 0x00000000045b37ed
Event: 222.322 Thread 0x000000001fa82000 Implicit null exception at 0x0000000005a6267c to 0x0000000005a63061
Event: 246.973 Thread 0x00000000251ed800 Implicit null exception at 0x00000000063d5664 to 0x00000000063d5f69
Event: 257.457 Thread 0x000000001c66e000 Exception <a 'java/lang/OutOfMemoryError'> (0x00000000e8d78100) thrown at [C:\src\android\AOSP-openjdk\external\jetbrains\jdk\hotspot\src\share\vm\prims\jni.cpp, line 735]
Event: 257.462 Thread 0x0000000019781800 Exception <a 'java/lang/reflect/InvocationTargetException'> (0x00000000e9189628) thrown at [C:\src\android\AOSP-openjdk\external\jetbrains\jdk\hotspot\src\share\vm\runtime\reflection.cpp, line 1092]
Event: 257.638 Thread 0x0000000019781800 Exception <a 'java/lang/NoSuchMethodError': <clinit>> (0x00000000e0693838) thrown at [C:\src\android\AOSP-openjdk\external\jetbrains\jdk\hotspot\src\share\vm\prims\jni.cpp, line 1591]
Event: 257.640 Thread 0x0000000019781800 Exception <a 'java/lang/NoSuchMethodError': <clinit>> (0x00000000e08addd8) thrown at [C:\src\android\AOSP-openjdk\external\jetbrains\jdk\hotspot\src\share\vm\prims\jni.cpp, line 1591]
Event: 257.649 Thread 0x0000000019781800 Exception <a 'java/lang/NoSuchMethodError': <clinit>> (0x00000000e0d80db8) thrown at [C:\src\android\AOSP-openjdk\external\jetbrains\jdk\hotspot\src\share\vm\prims\jni.cpp, line 1591]

Events (10 events):
Event: 257.786 Thread 0x000000001fa7f800 Thread added: 0x000000001fa7f800
Event: 257.786 Thread 0x000000001fa80800 Thread added: 0x000000001fa80800
Event: 257.787 Thread 0x000000001fa7b000 Thread added: 0x000000001fa7b000
Event: 257.787 Thread 0x000000001fa7c000 Thread added: 0x000000001fa7c000
Event: 257.787 Thread 0x000000001fa86800 Thread added: 0x000000001fa86800
Event: 257.789 Thread 0x0000000016d5c000 flushing nmethod 0x0000000003dabfd0
Event: 257.794 Thread 0x0000000018450800 flushing nmethod 0x000000000435b1d0
Event: 257.819 Thread 0x0000000018450800 flushing nmethod 0x0000000004a5d610
Event: 257.819 Thread 0x0000000018450800 flushing nmethod 0x0000000004ae9d50
Event: 257.822 Thread 0x0000000016d5c000 flushing nmethod 0x0000000004f18f50


Dynamic libraries:
0x00007ff6c7290000 - 0x00007ff6c72c1000 	D:\android-studio\jre\bin\java.exe
0x00007ff849c00000 - 0x00007ff849dd1000 	C:\WINDOWS\SYSTEM32\ntdll.dll
0x00007ff849060000 - 0x00007ff84910b000 	C:\WINDOWS\System32\KERNEL32.DLL
0x00007ff846340000 - 0x00007ff84655d000 	C:\WINDOWS\System32\KERNELBASE.dll
0x00007ff8496d0000 - 0x00007ff849772000 	C:\WINDOWS\System32\ADVAPI32.dll
0x00007ff8492c0000 - 0x00007ff84935e000 	C:\WINDOWS\System32\msvcrt.dll
0x00007ff8486b0000 - 0x00007ff848709000 	C:\WINDOWS\System32\sechost.dll
0x00007ff848f30000 - 0x00007ff849051000 	C:\WINDOWS\System32\RPCRT4.dll
0x00007ff848540000 - 0x00007ff8486a5000 	C:\WINDOWS\System32\USER32.dll
0x00007ff846320000 - 0x00007ff84633e000 	C:\WINDOWS\System32\win32u.dll
0x00007ff848bb0000 - 0x00007ff848be4000 	C:\WINDOWS\System32\GDI32.dll
0x00007ff846ce0000 - 0x00007ff846e62000 	C:\WINDOWS\System32\gdi32full.dll
0x00007ff841720000 - 0x00007ff841999000 	C:\WINDOWS\WinSxS\amd64_microsoft.windows.common-controls_6595b64144ccf1df_6.0.14393.447_none_42191651c6827bb3\COMCTL32.dll
0x00007ff849360000 - 0x00007ff849627000 	C:\WINDOWS\System32\combase.dll
0x00007ff845f60000 - 0x00007ff846055000 	C:\WINDOWS\System32\ucrtbase.dll
0x00007ff845ef0000 - 0x00007ff845f5a000 	C:\WINDOWS\System32\bcryptPrimitives.dll
0x00007ff848bf0000 - 0x00007ff848c1e000 	C:\WINDOWS\System32\IMM32.DLL
0x0000000065120000 - 0x00000000651f2000 	D:\android-studio\jre\jre\bin\msvcr100.dll
0x0000000063560000 - 0x0000000063d94000 	D:\android-studio\jre\jre\bin\server\jvm.dll
0x00007ff8462a0000 - 0x00007ff8462c3000 	C:\WINDOWS\System32\WINMM.dll
0x00007ff845e50000 - 0x00007ff845e7b000 	C:\WINDOWS\System32\WINMMBASE.dll
0x00007ff845ea0000 - 0x00007ff845ee2000 	C:\WINDOWS\System32\cfgmgr32.dll
0x00007ff8273d0000 - 0x00007ff8273d9000 	C:\WINDOWS\SYSTEM32\WSOCK32.dll
0x00007ff8492b0000 - 0x00007ff8492b8000 	C:\WINDOWS\System32\PSAPI.DLL
0x00007ff8431b0000 - 0x00007ff8431ba000 	C:\WINDOWS\SYSTEM32\VERSION.dll
0x00007ff848710000 - 0x00007ff84877a000 	C:\WINDOWS\System32\WS2_32.dll
0x00007ff843210000 - 0x00007ff84321f000 	D:\android-studio\jre\jre\bin\verify.dll
0x00007ff841290000 - 0x00007ff8412b9000 	D:\android-studio\jre\jre\bin\java.dll
0x00007ff840ed0000 - 0x00007ff840ee6000 	D:\android-studio\jre\jre\bin\zip.dll
0x00007ff846fd0000 - 0x00007ff8484d9000 	C:\WINDOWS\System32\SHELL32.dll
0x00007ff846600000 - 0x00007ff846cda000 	C:\WINDOWS\System32\windows.storage.dll
0x00007ff8462d0000 - 0x00007ff84631c000 	C:\WINDOWS\System32\powrprof.dll
0x00007ff849890000 - 0x00007ff8498e2000 	C:\WINDOWS\System32\shlwapi.dll
0x00007ff845e30000 - 0x00007ff845e3f000 	C:\WINDOWS\System32\kernel.appcore.dll
0x00007ff846e70000 - 0x00007ff846f19000 	C:\WINDOWS\System32\shcore.dll
0x00007ff845e80000 - 0x00007ff845e94000 	C:\WINDOWS\System32\profapi.dll
0x00007ff840eb0000 - 0x00007ff840eca000 	D:\android-studio\jre\jre\bin\net.dll
0x00007ff845630000 - 0x00007ff84568c000 	C:\WINDOWS\system32\mswsock.dll
0x00007ff840be0000 - 0x00007ff840bf1000 	D:\android-studio\jre\jre\bin\nio.dll
0x00007ff836a70000 - 0x00007ff836a82000 	D:\gradle\.gradle\native\19\windows-amd64\native-platform.dll
0x00007ff845900000 - 0x00007ff845917000 	C:\WINDOWS\SYSTEM32\CRYPTSP.dll
0x00007ff8457b0000 - 0x00007ff8457e3000 	C:\WINDOWS\system32\rsaenh.dll
0x00007ff845cd0000 - 0x00007ff845cfb000 	C:\WINDOWS\SYSTEM32\bcrypt.dll
0x00007ff8454c0000 - 0x00007ff8454df000 	C:\WINDOWS\SYSTEM32\USERENV.dll
0x00007ff845920000 - 0x00007ff84592b000 	C:\WINDOWS\SYSTEM32\CRYPTBASE.dll
0x00007ff8453c0000 - 0x00007ff8453f8000 	C:\WINDOWS\SYSTEM32\IPHLPAPI.DLL
0x00007ff848d60000 - 0x00007ff848d68000 	C:\WINDOWS\System32\NSI.dll
0x00007ff83df80000 - 0x00007ff83df96000 	C:\WINDOWS\SYSTEM32\dhcpcsvc6.DLL
0x00007ff83dfa0000 - 0x00007ff83dfba000 	C:\WINDOWS\SYSTEM32\dhcpcsvc.DLL
0x00007ff841200000 - 0x00007ff84120d000 	D:\android-studio\jre\jre\bin\management.dll
0x00007ff8451e0000 - 0x00007ff845212000 	C:\WINDOWS\SYSTEM32\ntmarta.dll

VM Arguments:
jvm_args: -Xmx1536m -Dfile.encoding=GBK -Duser.country=CN -Duser.language=zh -Duser.variant 
java_command: org.gradle.launcher.daemon.bootstrap.GradleDaemon 2.14.1
java_class_path (initial): D:\android-studio\gradle\gradle-2.14.1\lib\gradle-launcher-2.14.1.jar
Launcher Type: SUN_STANDARD

Environment Variables:
JAVA_HOME=C:\Program Files\Java\jdk1.8.0_111
CLASSPATH=C:\Program Files\Java\jdk1.8.0_111\lib\dt.jar;C:\Program Files\Java\jdk1.8.0_111\lib\tools.jar
PATH=C:\ProgramData\Oracle\Java\javapath;C:\Windows\system32;C:\Windows;C:\Windows\System32\Wbem;C:\Windows\System32\WindowsPowerShell\v1.0\;C:\Program Files (x86)\NVIDIA Corporation\PhysX\Common;%JAVA_HOME%\bin;%JAVA_HOME%\jre\bin;D:\ADT-Bundle\sdk\platform-tools;C:\Program Files (x86)\decomp;%GRADLE_HOME%\bin;C:\Program Files\Git\bin;C:\WINDOWS\system32;C:\WINDOWS;C:\WINDOWS\System32\Wbem;C:\WINDOWS\System32\WindowsPowerShell\v1.0\;C:\Users\AllenIverson\AppData\Local\Microsoft\WindowsApps;
USERNAME=AllenIverson
OS=Windows_NT
PROCESSOR_IDENTIFIER=Intel64 Family 6 Model 42 Stepping 7, GenuineIntel



---------------  S Y S T E M  ---------------

OS: Windows 10.0 , 64 bit Build 14393 (10.0.14393.0)

CPU:total 4 (2 cores per cpu, 2 threads per core) family 6 model 42 stepping 7, cmov, cx8, fxsr, mmx, sse, sse2, sse3, ssse3, sse4.1, sse4.2, popcnt, avx, aes, clmul, ht, tsc, tscinvbit

Memory: 4k page, physical 8364836k(904368k free), swap 8364836k(4536k free)

vm_info: OpenJDK 64-Bit Server VM (25.76-b03) for windows-amd64 JRE (1.8.0_76-release-b03), built on Jun 29 2016 19:09:20 by "ralucas" with MS VC++ 10.0 (VS2010)

time: Fri Nov 25 11:54:51 2016
elapsed time: 257 seconds (0d 0h 4m 17s)

